2018-11-29T10:27:04.199Z - normal: Load ~/.CocosCreator/settings.json
2018-11-29T10:27:04.204Z - normal: checking language setting...
2018-11-29T10:27:04.205Z - normal: Language: zh
2018-11-29T10:27:06.476Z - success: protocol editor-framework registered
2018-11-29T10:27:06.476Z - success: protocol app registered
2018-11-29T10:27:06.477Z - success: protocol theme registered
2018-11-29T10:27:06.477Z - success: protocol packages registered
2018-11-29T10:27:06.477Z - success: protocol unpack registerred
2018-11-29T10:27:06.477Z - success: protocol disable-commonjs registerred
2018-11-29T10:27:06.723Z - normal: connected!
2018-11-29T10:27:06.726Z - normal: Check project E:\OneDriveData\OneDrive\wxgames\wx-open-data-project
2018-11-29T10:27:06.731Z - normal: Initializing Cocos2d
2018-11-29T10:27:07.055Z - normal: Initializing Asset Database
2018-11-29T10:27:07.116Z - success: protocol uuid registerred
2018-11-29T10:27:07.116Z - success: protocol db registerred
2018-11-29T10:27:07.116Z - success: protocol thumbnail registerred
2018-11-29T10:27:07.116Z - normal: Loading editor/builtin packages
2018-11-29T10:27:07.146Z - success: anysdk loaded
2018-11-29T10:27:07.325Z - success: assets loaded
2018-11-29T10:27:07.328Z - success: builder loaded
2018-11-29T10:27:07.331Z - success: cocos-analytics loaded
2018-11-29T10:27:07.336Z - success: console loaded
2018-11-29T10:27:07.390Z - success: fb-instant-games loaded
2018-11-29T10:27:07.395Z - success: hierarchy loaded
2018-11-29T10:27:07.398Z - success: inspector loaded
2018-11-29T10:27:07.400Z - success: keystore loaded
2018-11-29T10:27:07.403Z - success: node-library loaded
2018-11-29T10:27:07.406Z - success: package-asset loaded
2018-11-29T10:27:07.409Z - success: preferences loaded
2018-11-29T10:27:07.411Z - success: project-exporter loaded
2018-11-29T10:27:07.434Z - success: project-importer loaded
2018-11-29T10:27:07.437Z - success: project-settings loaded
2018-11-29T10:27:07.440Z - success: ui-kit loaded
2018-11-29T10:27:07.443Z - success: ui-grid loaded
2018-11-29T10:27:07.447Z - success: scene loaded
2018-11-29T10:27:07.449Z - success: sprite-editor loaded
2018-11-29T10:27:07.453Z - success: store loaded
2018-11-29T10:27:07.459Z - success: timeline loaded
2018-11-29T10:27:07.459Z - normal: Loading builtin packages
2018-11-29T10:27:07.464Z - success: asset-db-debugger loaded
2018-11-29T10:27:07.466Z - success: code-editor loaded
2018-11-29T10:27:07.467Z - success: color-picker loaded
2018-11-29T10:27:07.470Z - success: package-manager loaded
2018-11-29T10:27:07.473Z - success: qqplay-adapter loaded
2018-11-29T10:27:07.479Z - success: sdkbox loaded
2018-11-29T10:27:07.483Z - success: tester loaded
2018-11-29T10:27:07.485Z - success: ui-kit-preview-extra loaded
2018-11-29T10:27:07.487Z - success: ui-kit-preview loaded
2018-11-29T10:27:07.490Z - success: ui-tree loaded
2018-11-29T10:27:07.491Z - success: weapp-adapter loaded
2018-11-29T10:27:09.186Z - normal: Initializing project E:\OneDriveData\OneDrive\wxgames\wx-open-data-project
2018-11-29T10:27:09.191Z - normal: Loading packages
2018-11-29T10:27:09.201Z - failed: Failed to load package at C:\Users\Administrator\.CocosCreator\packages\2016-10-13base: Failed to load main.js: Error: Cannot find module 'base64-node'
    at Module._resolveFilename (module.js:470:15)
    at Function.Module._resolveFilename (D:\CocosCreator193\resources\electron.asar\common\reset-search-paths.js:35:12)
    at Function.Module._load (module.js:418:25)
    at Module.require (module.js:498:17)
    at require (internal/module.js:20:19)
    at Object.<anonymous> (C:\Users\Administrator\.CocosCreator\packages\2016-10-13base\main.js:2:14)
    at Object.<anonymous> (C:\Users\Administrator\.CocosCreator\packages\2016-10-13base\main.js:30:3)
    at Module._compile (module.js:571:32)
    at Object.Module._extensions..js (module.js:580:10)
    at Module.load (module.js:488:32)
2018-11-29T10:27:09.204Z - success: package.json loaded
2018-11-29T10:27:09.205Z - normal: Watching packages
2018-11-29T10:27:09.711Z - normal: Run Application
2018-11-29T10:27:10.315Z - success: preview server running at http://localhost:7457
2018-11-29T10:27:16.365Z - normal: 1.9.3
2018-11-29T10:27:40.058Z - normal: Start building with options : {
  "androidStudio": true,
  "apiLevel": "",
  "appABIs": [],
  "appKey": "",
  "appSecret": "",
  "buildPath": "E:\\OneDriveData\\OneDrive\\wxgames\\wx-open-data-project\\build",
  "debug": false,
  "dest": "E:\\OneDriveData\\OneDrive\\wxgames\\wx-open-data-project\\build\\wechatgame",
  "encryptJs": true,
  "excludeScenes": [],
  "excludedModules": [
    "WebGL Renderer",
    "LabelOutline",
    "Graphics",
    "ParticleSystem",
    "TiledMap",
    "Spine Skeleton",
    "DragonBones",
    "RichText",
    "MotionStreak",
    "ProgressBar",
    "ScrollBar",
    "Toggle",
    "PageView",
    "PageViewIndicator",
    "Slider",
    "EditBox",
    "VideoPlayer",
    "WebView",
    "Audio",
    "AudioSource",
    "Animation",
    "Collider",
    "Physics",
    "NodePool",
    "StudioComponent",
    "Intersection",
    "Native NetWork"
  ],
  "fb-instant-games": {},
  "includeAnySDK": false,
  "includeEruda": false,
  "includeSDKBox": false,
  "inlineSpriteFrames": true,
  "inlineSpriteFrames_native": true,
  "jailbreakPlatform": false,
  "md5Cache": true,
  "mergeStartScene": false,
  "oauthLoginServer": "",
  "optimizeHotUpdate": false,
  "orientation": {
    "landscapeLeft": true,
    "landscapeRight": true,
    "portrait": false,
    "upsideDown": false
  },
  "packageName": "org.cocos2d.wx-sub-test",
  "platform": "wechatgame",
  "previewHeight": "720",
  "previewWidth": "1280",
  "privateKey": "",
  "qqplay": {
    "orientation": "portrait"
  },
  "renderMode": "1",
  "scenes": [
    "088db947-d2bf-4c47-b64f-f30bc4bc0faa"
  ],
  "sourceMaps": false,
  "startScene": "088db947-d2bf-4c47-b64f-f30bc4bc0faa",
  "template": "link",
  "title": "wx-open-data-project",
  "useDebugKeystore": true,
  "vsVersion": "auto",
  "webOrientation": "auto",
  "wechatgame": {
    "REMOTE_SERVER_ROOT": "",
    "appid": "wx6ac3f5090a6b99c5",
    "buildsub": true,
    "hasSubdomain": true,
    "isSubdomain": true,
    "orientation": "landscape"
  },
  "xxteaKey": "0f6c60db-2545-4d",
  "zipCompressJs": true,
  "project": "E:\\OneDriveData\\OneDrive\\wxgames\\wx-open-data-project",
  "projectName": "wx-open-data-project",
  "debugBuildWorker": false
}
2018-11-29T10:27:40.060Z - normal: Building E:\OneDriveData\OneDrive\wxgames\wx-open-data-project
2018-11-29T10:27:40.060Z - normal: Destination E:\OneDriveData\OneDrive\wxgames\wx-open-data-project\build\wx-open-data-project
2018-11-29T10:27:40.530Z - normal: Delete E:\OneDriveData\OneDrive\wxgames\wx-open-data-project\build\wx-open-data-project\**\*
2018-11-29T10:28:18.549Z - normal: Compiled project javascript file successfully
2018-11-29T10:28:18.552Z - normal: Start building assets
2018-11-29T10:28:18.553Z - normal: Start spawn build-worker
2018-11-29T10:28:19.561Z - normal: Finish spawn build-worker
2018-11-29T10:28:19.561Z - normal: Start init build-worker
2018-11-29T10:28:22.782Z - normal: 1.9.3
2018-11-29T10:28:22.904Z - normal: Finish init build-worker
2018-11-29T10:28:22.904Z - normal: Start build-assets in worker
2018-11-29T10:28:23.206Z - normal: Finish build-assets in worker
2018-11-29T10:28:23.222Z - normal: Finish building assets
2018-11-29T10:28:23.235Z - normal: Start building raw assets
2018-11-29T10:28:23.237Z - normal: Start building plugin scripts
2018-11-29T10:28:23.263Z - normal: Finish building raw assets
2018-11-29T10:28:23.269Z - normal: Generating main.js from D:\CocosCreator193\resources\static\build-templates\shares\main.js
2018-11-29T10:28:25.473Z - normal: Built to "E:\OneDriveData\OneDrive\wxgames\wx-open-data-project\build\wechatgame" successfully
2018-11-29T11:37:31.613Z - normal: Start building with options : {
  "androidStudio": true,
  "apiLevel": "",
  "appABIs": [],
  "appKey": "",
  "appSecret": "",
  "buildPath": "E:\\OneDriveData\\OneDrive\\wxgames\\wx-open-data-project\\build",
  "debug": false,
  "dest": "E:\\OneDriveData\\OneDrive\\wxgames\\wx-open-data-project\\build\\wechatgame",
  "encryptJs": true,
  "excludeScenes": [],
  "excludedModules": [
    "WebGL Renderer",
    "LabelOutline",
    "Graphics",
    "ParticleSystem",
    "TiledMap",
    "Spine Skeleton",
    "DragonBones",
    "RichText",
    "MotionStreak",
    "ProgressBar",
    "ScrollBar",
    "Toggle",
    "PageView",
    "PageViewIndicator",
    "Slider",
    "EditBox",
    "VideoPlayer",
    "WebView",
    "Audio",
    "AudioSource",
    "Animation",
    "Collider",
    "Physics",
    "NodePool",
    "StudioComponent",
    "Intersection",
    "Native NetWork"
  ],
  "fb-instant-games": {},
  "includeAnySDK": false,
  "includeEruda": false,
  "includeSDKBox": false,
  "inlineSpriteFrames": true,
  "inlineSpriteFrames_native": true,
  "jailbreakPlatform": false,
  "md5Cache": true,
  "mergeStartScene": false,
  "oauthLoginServer": "",
  "optimizeHotUpdate": false,
  "orientation": {
    "landscapeLeft": true,
    "landscapeRight": true,
    "portrait": false,
    "upsideDown": false
  },
  "packageName": "org.cocos2d.wx-sub-test",
  "platform": "wechatgame",
  "previewHeight": "720",
  "previewWidth": "1280",
  "privateKey": "",
  "qqplay": {
    "orientation": "portrait"
  },
  "renderMode": "1",
  "scenes": [
    "088db947-d2bf-4c47-b64f-f30bc4bc0faa"
  ],
  "sourceMaps": false,
  "startScene": "088db947-d2bf-4c47-b64f-f30bc4bc0faa",
  "template": "link",
  "title": "wx-open-data-project",
  "useDebugKeystore": true,
  "vsVersion": "auto",
  "webOrientation": "auto",
  "wechatgame": {
    "REMOTE_SERVER_ROOT": "",
    "appid": "wx6ac3f5090a6b99c5",
    "buildsub": true,
    "hasSubdomain": true,
    "isSubdomain": true,
    "orientation": "landscape"
  },
  "xxteaKey": "0f6c60db-2545-4d",
  "zipCompressJs": true,
  "project": "E:\\OneDriveData\\OneDrive\\wxgames\\wx-open-data-project",
  "projectName": "wx-open-data-project",
  "debugBuildWorker": false
}
2018-11-29T11:37:31.628Z - normal: Building E:\OneDriveData\OneDrive\wxgames\wx-open-data-project
2018-11-29T11:37:31.629Z - normal: Destination E:\OneDriveData\OneDrive\wxgames\wx-open-data-project\build\wx-open-data-project
2018-11-29T11:37:31.630Z - normal: Delete E:\OneDriveData\OneDrive\wxgames\wx-open-data-project\build\wx-open-data-project\**\*
2018-11-29T11:38:08.343Z - normal: Compiled project javascript file successfully
2018-11-29T11:38:08.345Z - normal: Start building assets
2018-11-29T11:38:08.345Z - normal: Start spawn build-worker
2018-11-29T11:38:09.384Z - normal: Finish spawn build-worker
2018-11-29T11:38:09.384Z - normal: Start init build-worker
2018-11-29T11:38:12.582Z - normal: 1.9.3
2018-11-29T11:38:12.681Z - normal: Finish init build-worker
2018-11-29T11:38:12.682Z - normal: Start build-assets in worker
2018-11-29T11:38:12.952Z - normal: Finish build-assets in worker
2018-11-29T11:38:12.961Z - normal: Finish building assets
2018-11-29T11:38:12.991Z - normal: Start building raw assets
2018-11-29T11:38:12.993Z - normal: Start building plugin scripts
2018-11-29T11:38:13.057Z - normal: Finish building raw assets
2018-11-29T11:38:13.061Z - normal: Generating main.js from D:\CocosCreator193\resources\static\build-templates\shares\main.js
2018-11-29T11:38:14.623Z - normal: Built to "E:\OneDriveData\OneDrive\wxgames\wx-open-data-project\build\wechatgame" successfully
2018-11-30T05:17:36.390Z - normal: Start building with options : {
  "androidStudio": true,
  "apiLevel": "",
  "appABIs": [],
  "appKey": "",
  "appSecret": "",
  "buildPath": "E:\\OneDriveData\\OneDrive\\wxgames\\wx-open-data-project\\build",
  "debug": false,
  "dest": "E:\\OneDriveData\\OneDrive\\wxgames\\wx-open-data-project\\build\\wechatgame",
  "encryptJs": true,
  "excludeScenes": [],
  "excludedModules": [
    "WebGL Renderer",
    "LabelOutline",
    "Graphics",
    "ParticleSystem",
    "TiledMap",
    "Spine Skeleton",
    "DragonBones",
    "RichText",
    "MotionStreak",
    "ProgressBar",
    "ScrollBar",
    "Toggle",
    "PageView",
    "PageViewIndicator",
    "Slider",
    "EditBox",
    "VideoPlayer",
    "WebView",
    "Audio",
    "AudioSource",
    "Animation",
    "Collider",
    "Physics",
    "NodePool",
    "StudioComponent",
    "Intersection",
    "Native NetWork"
  ],
  "fb-instant-games": {},
  "includeAnySDK": false,
  "includeEruda": false,
  "includeSDKBox": false,
  "inlineSpriteFrames": true,
  "inlineSpriteFrames_native": true,
  "jailbreakPlatform": false,
  "md5Cache": true,
  "mergeStartScene": false,
  "oauthLoginServer": "",
  "optimizeHotUpdate": false,
  "orientation": {
    "landscapeLeft": true,
    "landscapeRight": true,
    "portrait": false,
    "upsideDown": false
  },
  "packageName": "org.cocos2d.wx-sub-test",
  "platform": "wechatgame",
  "previewHeight": "720",
  "previewWidth": "1280",
  "privateKey": "",
  "qqplay": {
    "orientation": "portrait"
  },
  "renderMode": "1",
  "scenes": [
    "088db947-d2bf-4c47-b64f-f30bc4bc0faa"
  ],
  "sourceMaps": false,
  "startScene": "088db947-d2bf-4c47-b64f-f30bc4bc0faa",
  "template": "link",
  "title": "wx-open-data-project",
  "useDebugKeystore": true,
  "vsVersion": "auto",
  "webOrientation": "auto",
  "wechatgame": {
    "REMOTE_SERVER_ROOT": "",
    "appid": "wx6ac3f5090a6b99c5",
    "buildsub": true,
    "hasSubdomain": true,
    "isSubdomain": true,
    "orientation": "landscape"
  },
  "xxteaKey": "0f6c60db-2545-4d",
  "zipCompressJs": true,
  "project": "E:\\OneDriveData\\OneDrive\\wxgames\\wx-open-data-project",
  "projectName": "wx-open-data-project",
  "debugBuildWorker": false
}
2018-11-30T05:17:36.406Z - normal: Building E:\OneDriveData\OneDrive\wxgames\wx-open-data-project
2018-11-30T05:17:36.407Z - normal: Destination E:\OneDriveData\OneDrive\wxgames\wx-open-data-project\build\wx-open-data-project
2018-11-30T05:17:36.408Z - normal: Delete E:\OneDriveData\OneDrive\wxgames\wx-open-data-project\build\wx-open-data-project\**\*
2018-11-30T05:18:20.128Z - normal: Compiled project javascript file successfully
2018-11-30T05:18:20.131Z - normal: Start building assets
2018-11-30T05:18:20.131Z - normal: Start spawn build-worker
2018-11-30T05:18:21.209Z - normal: Finish spawn build-worker
2018-11-30T05:18:21.209Z - normal: Start init build-worker
2018-11-30T05:18:24.696Z - normal: 1.9.3
2018-11-30T05:18:24.816Z - normal: Finish init build-worker
2018-11-30T05:18:24.816Z - normal: Start build-assets in worker
2018-11-30T05:18:25.102Z - normal: Finish build-assets in worker
2018-11-30T05:18:25.110Z - normal: Finish building assets
2018-11-30T05:18:25.122Z - normal: Start building raw assets
2018-11-30T05:18:25.124Z - normal: Start building plugin scripts
2018-11-30T05:18:25.146Z - normal: Finish building raw assets
2018-11-30T05:18:25.152Z - normal: Generating main.js from D:\CocosCreator193\resources\static\build-templates\shares\main.js
2018-11-30T05:18:27.048Z - normal: Built to "E:\OneDriveData\OneDrive\wxgames\wx-open-data-project\build\wechatgame" successfully
2018-11-30T05:26:55.650Z - normal: Start building with options : {
  "androidStudio": true,
  "apiLevel": "",
  "appABIs": [],
  "appKey": "",
  "appSecret": "",
  "buildPath": "E:\\OneDriveData\\OneDrive\\wxgames\\wx-open-data-project\\build",
  "debug": false,
  "dest": "E:\\OneDriveData\\OneDrive\\wxgames\\wx-open-data-project\\build\\wechatgame",
  "encryptJs": true,
  "excludeScenes": [],
  "excludedModules": [
    "WebGL Renderer",
    "LabelOutline",
    "Graphics",
    "ParticleSystem",
    "TiledMap",
    "Spine Skeleton",
    "DragonBones",
    "RichText",
    "MotionStreak",
    "ProgressBar",
    "ScrollBar",
    "Toggle",
    "PageView",
    "PageViewIndicator",
    "Slider",
    "EditBox",
    "VideoPlayer",
    "WebView",
    "Audio",
    "AudioSource",
    "Animation",
    "Collider",
    "Physics",
    "NodePool",
    "StudioComponent",
    "Intersection",
    "Native NetWork"
  ],
  "fb-instant-games": {},
  "includeAnySDK": false,
  "includeEruda": false,
  "includeSDKBox": false,
  "inlineSpriteFrames": true,
  "inlineSpriteFrames_native": true,
  "jailbreakPlatform": false,
  "md5Cache": true,
  "mergeStartScene": false,
  "oauthLoginServer": "",
  "optimizeHotUpdate": false,
  "orientation": {
    "landscapeLeft": true,
    "landscapeRight": true,
    "portrait": false,
    "upsideDown": false
  },
  "packageName": "org.cocos2d.wx-sub-test",
  "platform": "wechatgame",
  "previewHeight": "720",
  "previewWidth": "1280",
  "privateKey": "",
  "qqplay": {
    "orientation": "portrait"
  },
  "renderMode": "1",
  "scenes": [
    "088db947-d2bf-4c47-b64f-f30bc4bc0faa"
  ],
  "sourceMaps": false,
  "startScene": "088db947-d2bf-4c47-b64f-f30bc4bc0faa",
  "template": "link",
  "title": "wx-open-data-project",
  "useDebugKeystore": true,
  "vsVersion": "auto",
  "webOrientation": "auto",
  "wechatgame": {
    "REMOTE_SERVER_ROOT": "",
    "appid": "wx6ac3f5090a6b99c5",
    "buildsub": true,
    "hasSubdomain": true,
    "isSubdomain": true,
    "orientation": "landscape"
  },
  "xxteaKey": "0f6c60db-2545-4d",
  "zipCompressJs": true,
  "project": "E:\\OneDriveData\\OneDrive\\wxgames\\wx-open-data-project",
  "projectName": "wx-open-data-project",
  "debugBuildWorker": false
}
2018-11-30T05:26:55.667Z - normal: Building E:\OneDriveData\OneDrive\wxgames\wx-open-data-project
2018-11-30T05:26:55.667Z - normal: Destination E:\OneDriveData\OneDrive\wxgames\wx-open-data-project\build\wx-open-data-project
2018-11-30T05:26:55.669Z - normal: Delete E:\OneDriveData\OneDrive\wxgames\wx-open-data-project\build\wx-open-data-project\**\*
2018-11-30T05:27:42.001Z - normal: Compiled project javascript file successfully
2018-11-30T05:27:42.003Z - normal: Start building assets
2018-11-30T05:27:42.003Z - normal: Start spawn build-worker
2018-11-30T05:27:43.086Z - normal: Finish spawn build-worker
2018-11-30T05:27:43.086Z - normal: Start init build-worker
2018-11-30T05:27:46.524Z - normal: 1.9.3
2018-11-30T05:27:46.634Z - normal: Finish init build-worker
2018-11-30T05:27:46.634Z - normal: Start build-assets in worker
2018-11-30T05:27:46.913Z - normal: Finish build-assets in worker
2018-11-30T05:27:46.931Z - normal: Finish building assets
2018-11-30T05:27:46.944Z - normal: Start building raw assets
2018-11-30T05:27:46.946Z - normal: Start building plugin scripts
2018-11-30T05:27:46.972Z - normal: Finish building raw assets
2018-11-30T05:27:46.978Z - normal: Generating main.js from D:\CocosCreator193\resources\static\build-templates\shares\main.js
2018-11-30T05:27:48.928Z - normal: Built to "E:\OneDriveData\OneDrive\wxgames\wx-open-data-project\build\wechatgame" successfully
