2018-12-01T01:34:00.408Z - normal: Load ~/.CocosCreator/settings.json
2018-12-01T01:34:00.414Z - normal: checking language setting...
2018-12-01T01:34:00.414Z - normal: Language: zh
2018-12-01T01:34:02.676Z - success: protocol editor-framework registered
2018-12-01T01:34:02.676Z - success: protocol app registered
2018-12-01T01:34:02.676Z - success: protocol theme registered
2018-12-01T01:34:02.677Z - success: protocol packages registered
2018-12-01T01:34:02.677Z - success: protocol unpack registerred
2018-12-01T01:34:02.677Z - success: protocol disable-commonjs registerred
2018-12-01T01:34:02.833Z - normal: connected!
2018-12-01T01:34:02.835Z - normal: Check project E:\OneDriveData\OneDrive\wxgames\MINI2048
2018-12-01T01:34:02.838Z - normal: Initializing Cocos2d
2018-12-01T01:34:03.143Z - normal: Initializing Asset Database
2018-12-01T01:34:03.202Z - success: protocol uuid registerred
2018-12-01T01:34:03.202Z - success: protocol db registerred
2018-12-01T01:34:03.202Z - success: protocol thumbnail registerred
2018-12-01T01:34:03.202Z - normal: Loading editor/builtin packages
2018-12-01T01:34:03.231Z - success: anysdk loaded
2018-12-01T01:34:03.406Z - success: assets loaded
2018-12-01T01:34:03.409Z - success: builder loaded
2018-12-01T01:34:03.412Z - success: cocos-analytics loaded
2018-12-01T01:34:03.416Z - success: console loaded
2018-12-01T01:34:03.470Z - success: fb-instant-games loaded
2018-12-01T01:34:03.473Z - success: hierarchy loaded
2018-12-01T01:34:03.477Z - success: inspector loaded
2018-12-01T01:34:03.478Z - success: keystore loaded
2018-12-01T01:34:03.482Z - success: node-library loaded
2018-12-01T01:34:03.484Z - success: package-asset loaded
2018-12-01T01:34:03.486Z - success: preferences loaded
2018-12-01T01:34:03.488Z - success: project-exporter loaded
2018-12-01T01:34:03.511Z - success: project-importer loaded
2018-12-01T01:34:03.513Z - success: project-settings loaded
2018-12-01T01:34:03.516Z - success: ui-kit loaded
2018-12-01T01:34:03.519Z - success: ui-grid loaded
2018-12-01T01:34:03.525Z - success: scene loaded
2018-12-01T01:34:03.526Z - success: sprite-editor loaded
2018-12-01T01:34:03.530Z - success: store loaded
2018-12-01T01:34:03.536Z - success: timeline loaded
2018-12-01T01:34:03.536Z - normal: Loading builtin packages
2018-12-01T01:34:03.540Z - success: asset-db-debugger loaded
2018-12-01T01:34:03.543Z - success: code-editor loaded
2018-12-01T01:34:03.543Z - success: color-picker loaded
2018-12-01T01:34:03.546Z - success: package-manager loaded
2018-12-01T01:34:03.549Z - success: qqplay-adapter loaded
2018-12-01T01:34:03.554Z - success: sdkbox loaded
2018-12-01T01:34:03.558Z - success: tester loaded
2018-12-01T01:34:03.560Z - success: ui-kit-preview-extra loaded
2018-12-01T01:34:03.562Z - success: ui-kit-preview loaded
2018-12-01T01:34:03.564Z - success: ui-tree loaded
2018-12-01T01:34:03.565Z - success: weapp-adapter loaded
2018-12-01T01:34:05.205Z - normal: Initializing project E:\OneDriveData\OneDrive\wxgames\MINI2048
2018-12-01T01:34:05.209Z - normal: Loading packages
2018-12-01T01:34:05.218Z - failed: Failed to load package at C:\Users\Administrator\.CocosCreator\packages\2016-10-13base: Failed to load main.js: Error: Cannot find module 'base64-node'
    at Module._resolveFilename (module.js:470:15)
    at Function.Module._resolveFilename (D:\CocosCreator193\resources\electron.asar\common\reset-search-paths.js:35:12)
    at Function.Module._load (module.js:418:25)
    at Module.require (module.js:498:17)
    at require (internal/module.js:20:19)
    at Object.<anonymous> (C:\Users\Administrator\.CocosCreator\packages\2016-10-13base\main.js:2:14)
    at Object.<anonymous> (C:\Users\Administrator\.CocosCreator\packages\2016-10-13base\main.js:30:3)
    at Module._compile (module.js:571:32)
    at Object.Module._extensions..js (module.js:580:10)
    at Module.load (module.js:488:32)
2018-12-01T01:34:05.221Z - success: package.json loaded
2018-12-01T01:34:05.222Z - normal: Watching packages
2018-12-01T01:34:05.702Z - normal: Run Application
2018-12-01T01:34:06.623Z - success: preview server running at http://localhost:7456
2018-12-01T01:34:13.108Z - normal: 1.9.3
2018-12-01T03:53:52.580Z - warn: [db-task][sync-changes] Backup unused meta file: db://assets/resources/shareImages/weixin-sharePic2.png.meta
2018-12-01T03:54:45.367Z - normal: Start building with options : {
  "androidStudio": true,
  "apiLevel": "",
  "appABIs": [],
  "appKey": "",
  "appSecret": "",
  "buildPath": "E:\\OneDriveData\\OneDrive\\wxgames\\MINI2048\\wxbuild",
  "debug": false,
  "dest": "E:\\OneDriveData\\OneDrive\\wxgames\\MINI2048\\wxbuild\\wechatgame",
  "encryptJs": true,
  "excludeScenes": [
    "8a4a4e56-43da-4343-9ed6-6bdb65c57551"
  ],
  "excludedModules": [],
  "fb-instant-games": {},
  "includeAnySDK": false,
  "includeEruda": false,
  "includeSDKBox": false,
  "inlineSpriteFrames": true,
  "inlineSpriteFrames_native": true,
  "jailbreakPlatform": false,
  "md5Cache": true,
  "mergeStartScene": true,
  "oauthLoginServer": "",
  "optimizeHotUpdate": false,
  "orientation": {
    "landscapeLeft": true,
    "landscapeRight": true,
    "portrait": false,
    "upsideDown": false
  },
  "packageName": "org.cocos2d.helloworld",
  "platform": "wechatgame",
  "previewHeight": "720",
  "previewWidth": "1280",
  "privateKey": "",
  "qqplay": {
    "REMOTE_SERVER_ROOT": "",
    "orientation": "portrait"
  },
  "renderMode": "0",
  "scenes": [
    "2d2f792f-a40c-49bb-a189-ed176a246e49"
  ],
  "sourceMaps": false,
  "startScene": "2d2f792f-a40c-49bb-a189-ed176a246e49",
  "template": "link",
  "title": "MINI2048",
  "useDebugKeystore": true,
  "vsVersion": "auto",
  "webOrientation": "portrait",
  "wechatgame": {
    "REMOTE_SERVER_ROOT": "",
    "appid": "wx56aed21454925bd1",
    "isSubdomain": false,
    "orientation": "portrait",
    "subContext": "wx-open-data-project"
  },
  "xxteaKey": "1576510d-d964-41",
  "zipCompressJs": true,
  "project": "E:\\OneDriveData\\OneDrive\\wxgames\\MINI2048",
  "projectName": "MINI2048",
  "debugBuildWorker": false
}
2018-12-01T03:54:45.370Z - normal: Building E:\OneDriveData\OneDrive\wxgames\MINI2048
2018-12-01T03:54:45.370Z - normal: Destination E:\OneDriveData\OneDrive\wxgames\MINI2048\wxbuild\wechatgame
2018-12-01T03:54:46.066Z - normal: Delete E:\OneDriveData\OneDrive\wxgames\MINI2048\wxbuild\wechatgame\**\*
2018-12-01T03:54:50.160Z - normal: Compiled project javascript file successfully
2018-12-01T03:54:50.160Z - normal: Start building assets
2018-12-01T03:54:50.161Z - normal: Start spawn build-worker
2018-12-01T03:54:51.165Z - normal: Finish spawn build-worker
2018-12-01T03:54:51.166Z - normal: Start init build-worker
2018-12-01T03:54:54.201Z - normal: 1.9.3
2018-12-01T03:54:54.334Z - normal: Finish init build-worker
2018-12-01T03:54:54.334Z - normal: Start build-assets in worker
2018-12-01T03:54:55.136Z - normal: Finish build-assets in worker
2018-12-01T03:54:55.144Z - normal: Finish building assets
2018-12-01T03:54:55.178Z - normal: Start building raw assets
2018-12-01T03:54:55.179Z - normal: Start building plugin scripts
2018-12-01T03:54:55.328Z - normal: Finish building plugin scripts
2018-12-01T03:54:55.434Z - normal: Finish building raw assets
2018-12-01T03:54:55.439Z - normal: Generating main.js from D:\CocosCreator193\resources\static\build-templates\shares\main.js
2018-12-01T03:54:57.404Z - normal: Built to "E:\OneDriveData\OneDrive\wxgames\MINI2048\wxbuild\wechatgame" successfully
2018-12-01T03:56:01.377Z - warn: Error: Ipc will not have a callback. message: scene@renderer:86644
2018-12-01T03:56:01.408Z - error: Failed to reset layout: Error: Failed to close panel scene
    at Object.Panel._unloadAll (D:\CocosCreator193\resources\app.asar\editor-framework\lib\renderer\panel.js:1:2459)
    at Async.waterfall.e (D:\CocosCreator193\resources\app.asar\editor-framework\lib\renderer\ui\utils\dock-utils.js:1:8071)
    at fn (D:\CocosCreator193\resources\app.asar\node_modules\async\lib\async.js:746:34)
    at D:\CocosCreator193\resources\app.asar\node_modules\async\lib\async.js:1213:16
    at D:\CocosCreator193\resources\app.asar\node_modules\async\lib\async.js:166:37
    at D:\CocosCreator193\resources\app.asar\node_modules\async\lib\async.js:706:43
    at D:\CocosCreator193\resources\app.asar\node_modules\async\lib\async.js:167:37
    at Object.async.waterfall (D:\CocosCreator193\resources\app.asar\node_modules\async\lib\async.js:710:44)
    at Object.DockUtils.reset (D:\CocosCreator193\resources\app.asar\editor-framework\lib\renderer\ui\utils\dock-utils.js:1:8050)
    at EventEmitter.ipcRenderer.on (D:\CocosCreator193\resources\app.asar\editor-framework\lib\renderer\ui\utils\dock-utils.js:1:9933)
    at DockUtils.reset.e (D:\CocosCreator193\resources\app.asar\editor-framework\lib\renderer\ui\utils\dock-utils.js:1:9971)
    at Async.waterfall.e (D:\CocosCreator193\resources\app.asar\editor-framework\lib\renderer\ui\utils\dock-utils.js:1:9060)
    at D:\CocosCreator193\resources\app.asar\node_modules\async\lib\async.js:52:16
    at D:\CocosCreator193\resources\app.asar\node_modules\async\lib\async.js:696:30
    at D:\CocosCreator193\resources\app.asar\node_modules\async\lib\async.js:167:37
    at Immediate.<anonymous> (D:\CocosCreator193\resources\app.asar\node_modules\async\lib\async.js:1206:34)
    at runCallback (timers.js:672:20)
    at tryOnImmediate (timers.js:645:5)
    at processImmediate [as _immediateCallback] (timers.js:617:5)
2018-12-01T03:56:57.868Z - warn: 找不到微信开发程序版本信息路径 [D:\Program Files\Tencent\微信web开发者工具\package.nw\package.json]。
2018-12-01T03:56:57.869Z - warn: 微信开发程序版本过低，不能享用所有功能，请尽快升级。
2018-12-01T03:56:59.748Z - normal: Initializing...

2018-12-01T03:56:59.755Z - normal: idePortFile: C:\Users\Administrator\AppData\Local\微信web开发者工具\User Data\Default\.ide

2018-12-01T03:57:00.774Z - normal: starting ide...

2018-12-01T03:57:08.256Z - normal: IDE server has started, listening on http://127.0.0.1:13588

2018-12-01T03:57:08.260Z - normal: initialization finished

2018-12-01T03:57:08.805Z - normal: open IDE success

2018-12-01T04:03:11.298Z - normal: Start building with options : {
  "androidStudio": true,
  "apiLevel": "",
  "appABIs": [],
  "appKey": "",
  "appSecret": "",
  "buildPath": "E:\\OneDriveData\\OneDrive\\wxgames\\MINI2048\\wxbuild",
  "debug": false,
  "dest": "E:\\OneDriveData\\OneDrive\\wxgames\\MINI2048\\wxbuild\\wechatgame",
  "encryptJs": true,
  "excludeScenes": [
    "8a4a4e56-43da-4343-9ed6-6bdb65c57551"
  ],
  "excludedModules": [],
  "fb-instant-games": {},
  "includeAnySDK": false,
  "includeEruda": false,
  "includeSDKBox": false,
  "inlineSpriteFrames": true,
  "inlineSpriteFrames_native": true,
  "jailbreakPlatform": false,
  "md5Cache": true,
  "mergeStartScene": true,
  "oauthLoginServer": "",
  "optimizeHotUpdate": false,
  "orientation": {
    "landscapeLeft": true,
    "landscapeRight": true,
    "portrait": false,
    "upsideDown": false
  },
  "packageName": "org.cocos2d.helloworld",
  "platform": "wechatgame",
  "previewHeight": "720",
  "previewWidth": "1280",
  "privateKey": "",
  "qqplay": {
    "REMOTE_SERVER_ROOT": "",
    "orientation": "portrait"
  },
  "renderMode": "0",
  "scenes": [
    "2d2f792f-a40c-49bb-a189-ed176a246e49"
  ],
  "sourceMaps": false,
  "startScene": "2d2f792f-a40c-49bb-a189-ed176a246e49",
  "template": "link",
  "title": "MINI2048",
  "useDebugKeystore": true,
  "vsVersion": "auto",
  "webOrientation": "portrait",
  "wechatgame": {
    "REMOTE_SERVER_ROOT": "",
    "appid": "wx56aed21454925bd1",
    "isSubdomain": false,
    "orientation": "portrait",
    "subContext": "wx-open-data-project"
  },
  "xxteaKey": "1576510d-d964-41",
  "zipCompressJs": true,
  "project": "E:\\OneDriveData\\OneDrive\\wxgames\\MINI2048",
  "projectName": "MINI2048",
  "debugBuildWorker": false
}
2018-12-01T04:03:11.313Z - normal: Building E:\OneDriveData\OneDrive\wxgames\MINI2048
2018-12-01T04:03:11.314Z - normal: Destination E:\OneDriveData\OneDrive\wxgames\MINI2048\wxbuild\wechatgame
2018-12-01T04:03:11.315Z - normal: Delete E:\OneDriveData\OneDrive\wxgames\MINI2048\wxbuild\wechatgame\**\*
2018-12-01T04:03:15.133Z - normal: Compiled project javascript file successfully
2018-12-01T04:03:15.134Z - normal: Start building assets
2018-12-01T04:03:15.134Z - normal: Start spawn build-worker
2018-12-01T04:03:16.099Z - normal: Finish spawn build-worker
2018-12-01T04:03:16.099Z - normal: Start init build-worker
2018-12-01T04:03:19.148Z - normal: 1.9.3
2018-12-01T04:03:19.282Z - normal: Finish init build-worker
2018-12-01T04:03:19.282Z - normal: Start build-assets in worker
2018-12-01T04:03:20.100Z - normal: Finish build-assets in worker
2018-12-01T04:03:20.112Z - normal: Finish building assets
2018-12-01T04:03:20.147Z - normal: Start building raw assets
2018-12-01T04:03:20.148Z - normal: Start building plugin scripts
2018-12-01T04:03:20.269Z - normal: Finish building plugin scripts
2018-12-01T04:03:20.296Z - normal: Finish building raw assets
2018-12-01T04:03:20.300Z - normal: Generating main.js from D:\CocosCreator193\resources\static\build-templates\shares\main.js
2018-12-01T04:03:22.107Z - normal: Built to "E:\OneDriveData\OneDrive\wxgames\MINI2048\wxbuild\wechatgame" successfully
2018-12-01T04:04:23.279Z - warn: 找不到微信开发程序版本信息路径 [D:\Program Files\Tencent\微信web开发者工具\package.nw\package.json]。
2018-12-01T04:04:23.282Z - warn: 微信开发程序版本过低，不能享用所有功能，请尽快升级。
2018-12-01T04:04:24.116Z - normal: Initializing...

2018-12-01T04:04:24.123Z - normal: idePortFile: C:\Users\Administrator\AppData\Local\微信web开发者工具\User Data\Default\.ide

2018-12-01T04:04:25.141Z - normal: starting ide...

2018-12-01T04:04:28.897Z - normal: IDE server has started, listening on http://127.0.0.1:13138

2018-12-01T04:04:28.901Z - normal: initialization finished

2018-12-01T04:04:29.157Z - normal: open IDE success

2018-12-01T06:40:03.393Z - failed: [db-task][sync-changes] Failed to import asset E:\OneDriveData\OneDrive\wxgames\MINI2048\assets\Script\ThirdAPI.js, message: Compile error: SyntaxError: E:/OneDriveData/OneDrive/wxgames/MINI2048/assets/Script/ThirdAPI.js: Unexpected token, expected ; (47:6)
  45 |     loadCDNData:function(){
  46 | 		var url = GlobalData.cdnWebsite + "minigame/mini2048/cdnParam.json",
> 47 | 		util.httpGET(url,null,function(code,data){
     | 		    ^
  48 | 			if(code == 200){
  49 | 				console.log(data);
  50 | 			}
    at Parser.pp$5.raise (D:\CocosCreator193\resources\app.asar\node_modules\babylon\lib\index.js:4454:13)
    at Parser.pp.unexpected (D:\CocosCreator193\resources\app.asar\node_modules\babylon\lib\index.js:1761:8)
    at Parser.pp.semicolon (D:\CocosCreator193\resources\app.asar\node_modules\babylon\lib\index.js:1742:38)
    at Parser.pp$1.parseVarStatement (D:\CocosCreator193\resources\app.asar\node_modules\babylon\lib\index.js:2170:8)
    at Parser.pp$1.parseStatement (D:\CocosCreator193\resources\app.asar\node_modules\babylon\lib\index.js:1861:19)
    at Parser.pp$1.parseBlockBody (D:\CocosCreator193\resources\app.asar\node_modules\babylon\lib\index.js:2268:21)
    at Parser.pp$1.parseBlock (D:\CocosCreator193\resources\app.asar\node_modules\babylon\lib\index.js:2247:8)
    at Parser.pp$3.parseFunctionBody (D:\CocosCreator193\resources\app.asar\node_modules\babylon\lib\index.js:4235:22)
    at Parser.pp$1.parseFunction (D:\CocosCreator193\resources\app.asar\node_modules\babylon\lib\index.js:2386:8)
    at Parser.pp$3.parseFunctionExpression (D:\CocosCreator193\resources\app.asar\node_modules\babylon\lib\index.js:3760:17)
2018-12-01T06:54:00.717Z - normal: Start building with options : {
  "androidStudio": true,
  "apiLevel": "",
  "appABIs": [],
  "appKey": "",
  "appSecret": "",
  "buildPath": "E:\\OneDriveData\\OneDrive\\wxgames\\MINI2048\\wxbuild",
  "debug": false,
  "dest": "E:\\OneDriveData\\OneDrive\\wxgames\\MINI2048\\wxbuild\\wechatgame",
  "encryptJs": true,
  "excludeScenes": [
    "8a4a4e56-43da-4343-9ed6-6bdb65c57551"
  ],
  "excludedModules": [],
  "fb-instant-games": {},
  "includeAnySDK": false,
  "includeEruda": false,
  "includeSDKBox": false,
  "inlineSpriteFrames": true,
  "inlineSpriteFrames_native": true,
  "jailbreakPlatform": false,
  "md5Cache": true,
  "mergeStartScene": true,
  "oauthLoginServer": "",
  "optimizeHotUpdate": false,
  "orientation": {
    "landscapeLeft": true,
    "landscapeRight": true,
    "portrait": false,
    "upsideDown": false
  },
  "packageName": "org.cocos2d.helloworld",
  "platform": "wechatgame",
  "previewHeight": "720",
  "previewWidth": "1280",
  "privateKey": "",
  "qqplay": {
    "REMOTE_SERVER_ROOT": "",
    "orientation": "portrait"
  },
  "renderMode": "0",
  "scenes": [
    "2d2f792f-a40c-49bb-a189-ed176a246e49"
  ],
  "sourceMaps": false,
  "startScene": "2d2f792f-a40c-49bb-a189-ed176a246e49",
  "template": "link",
  "title": "MINI2048",
  "useDebugKeystore": true,
  "vsVersion": "auto",
  "webOrientation": "portrait",
  "wechatgame": {
    "REMOTE_SERVER_ROOT": "",
    "appid": "wx56aed21454925bd1",
    "isSubdomain": false,
    "orientation": "portrait",
    "subContext": "wx-open-data-project"
  },
  "xxteaKey": "1576510d-d964-41",
  "zipCompressJs": true,
  "project": "E:\\OneDriveData\\OneDrive\\wxgames\\MINI2048",
  "projectName": "MINI2048",
  "debugBuildWorker": false
}
2018-12-01T06:54:00.737Z - normal: Building E:\OneDriveData\OneDrive\wxgames\MINI2048
2018-12-01T06:54:00.737Z - normal: Destination E:\OneDriveData\OneDrive\wxgames\MINI2048\wxbuild\wechatgame
2018-12-01T06:54:00.743Z - normal: Delete E:\OneDriveData\OneDrive\wxgames\MINI2048\wxbuild\wechatgame\**\*
2018-12-01T06:54:05.005Z - normal: Compiled project javascript file successfully
2018-12-01T06:54:05.005Z - normal: Start building assets
2018-12-01T06:54:05.005Z - normal: Start spawn build-worker
2018-12-01T06:54:06.137Z - normal: Finish spawn build-worker
2018-12-01T06:54:06.137Z - normal: Start init build-worker
2018-12-01T06:54:10.002Z - normal: 1.9.3
2018-12-01T06:54:10.163Z - normal: Finish init build-worker
2018-12-01T06:54:10.163Z - normal: Start build-assets in worker
2018-12-01T06:54:11.040Z - normal: Finish build-assets in worker
2018-12-01T06:54:11.048Z - normal: Finish building assets
2018-12-01T06:54:11.088Z - normal: Start building raw assets
2018-12-01T06:54:11.088Z - normal: Start building plugin scripts
2018-12-01T06:54:11.226Z - normal: Finish building plugin scripts
2018-12-01T06:54:11.255Z - normal: Finish building raw assets
2018-12-01T06:54:11.258Z - normal: Generating main.js from D:\CocosCreator193\resources\static\build-templates\shares\main.js
2018-12-01T06:54:13.376Z - normal: Built to "E:\OneDriveData\OneDrive\wxgames\MINI2048\wxbuild\wechatgame" successfully
2018-12-01T06:54:57.399Z - warn: 找不到微信开发程序版本信息路径 [D:\Program Files\Tencent\微信web开发者工具\package.nw\package.json]。
2018-12-01T06:54:57.400Z - warn: 微信开发程序版本过低，不能享用所有功能，请尽快升级。
2018-12-01T06:54:58.371Z - normal: Initializing...

2018-12-01T06:54:58.380Z - normal: idePortFile: C:\Users\Administrator\AppData\Local\微信web开发者工具\User Data\Default\.ide

2018-12-01T06:54:59.400Z - normal: starting ide...

2018-12-01T06:55:03.478Z - normal: IDE server has started, listening on http://127.0.0.1:37037

2018-12-01T06:55:03.483Z - normal: initialization finished

2018-12-01T06:55:03.886Z - normal: open IDE success

2018-12-01T06:56:45.873Z - normal: Start building with options : {
  "androidStudio": true,
  "apiLevel": "",
  "appABIs": [],
  "appKey": "",
  "appSecret": "",
  "buildPath": "E:\\OneDriveData\\OneDrive\\wxgames\\MINI2048\\wxbuild",
  "debug": false,
  "dest": "E:\\OneDriveData\\OneDrive\\wxgames\\MINI2048\\wxbuild\\wechatgame",
  "encryptJs": true,
  "excludeScenes": [
    "8a4a4e56-43da-4343-9ed6-6bdb65c57551"
  ],
  "excludedModules": [],
  "fb-instant-games": {},
  "includeAnySDK": false,
  "includeEruda": false,
  "includeSDKBox": false,
  "inlineSpriteFrames": true,
  "inlineSpriteFrames_native": true,
  "jailbreakPlatform": false,
  "md5Cache": true,
  "mergeStartScene": true,
  "oauthLoginServer": "",
  "optimizeHotUpdate": false,
  "orientation": {
    "landscapeLeft": true,
    "landscapeRight": true,
    "portrait": false,
    "upsideDown": false
  },
  "packageName": "org.cocos2d.helloworld",
  "platform": "wechatgame",
  "previewHeight": "720",
  "previewWidth": "1280",
  "privateKey": "",
  "qqplay": {
    "REMOTE_SERVER_ROOT": "",
    "orientation": "portrait"
  },
  "renderMode": "0",
  "scenes": [
    "2d2f792f-a40c-49bb-a189-ed176a246e49"
  ],
  "sourceMaps": false,
  "startScene": "2d2f792f-a40c-49bb-a189-ed176a246e49",
  "template": "link",
  "title": "MINI2048",
  "useDebugKeystore": true,
  "vsVersion": "auto",
  "webOrientation": "portrait",
  "wechatgame": {
    "REMOTE_SERVER_ROOT": "",
    "appid": "wx56aed21454925bd1",
    "isSubdomain": false,
    "orientation": "portrait",
    "subContext": "wx-open-data-project"
  },
  "xxteaKey": "1576510d-d964-41",
  "zipCompressJs": true,
  "project": "E:\\OneDriveData\\OneDrive\\wxgames\\MINI2048",
  "projectName": "MINI2048",
  "debugBuildWorker": false
}
2018-12-01T06:56:45.885Z - normal: Building E:\OneDriveData\OneDrive\wxgames\MINI2048
2018-12-01T06:56:45.885Z - normal: Destination E:\OneDriveData\OneDrive\wxgames\MINI2048\wxbuild\wechatgame
2018-12-01T06:56:45.887Z - normal: Delete E:\OneDriveData\OneDrive\wxgames\MINI2048\wxbuild\wechatgame\**\*
2018-12-01T06:56:49.747Z - normal: Compiled project javascript file successfully
2018-12-01T06:56:49.747Z - normal: Start building assets
2018-12-01T06:56:49.748Z - normal: Start spawn build-worker
2018-12-01T06:56:50.735Z - normal: Finish spawn build-worker
2018-12-01T06:56:50.735Z - normal: Start init build-worker
2018-12-01T06:56:53.819Z - normal: 1.9.3
2018-12-01T06:56:53.961Z - normal: Finish init build-worker
2018-12-01T06:56:53.961Z - normal: Start build-assets in worker
2018-12-01T06:56:54.750Z - normal: Finish build-assets in worker
2018-12-01T06:56:54.759Z - normal: Finish building assets
2018-12-01T06:56:54.794Z - normal: Start building raw assets
2018-12-01T06:56:54.795Z - normal: Start building plugin scripts
2018-12-01T06:56:54.912Z - normal: Finish building plugin scripts
2018-12-01T06:56:55.024Z - normal: Finish building raw assets
2018-12-01T06:56:55.029Z - normal: Generating main.js from D:\CocosCreator193\resources\static\build-templates\shares\main.js
2018-12-01T06:56:56.825Z - normal: Built to "E:\OneDriveData\OneDrive\wxgames\MINI2048\wxbuild\wechatgame" successfully
2018-12-01T06:57:47.823Z - warn: 找不到微信开发程序版本信息路径 [D:\Program Files\Tencent\微信web开发者工具\package.nw\package.json]。
2018-12-01T06:57:47.824Z - warn: 微信开发程序版本过低，不能享用所有功能，请尽快升级。
2018-12-01T06:57:48.683Z - normal: Initializing...

2018-12-01T06:57:48.690Z - normal: idePortFile: C:\Users\Administrator\AppData\Local\微信web开发者工具\User Data\Default\.ide

2018-12-01T06:57:49.706Z - normal: starting ide...

2018-12-01T06:57:53.486Z - normal: IDE server has started, listening on http://127.0.0.1:24907

2018-12-01T06:57:53.491Z - normal: initialization finished

2018-12-01T06:57:53.737Z - normal: open IDE success

2018-12-01T14:35:51.918Z - normal: Start building with options : {
  "androidStudio": true,
  "apiLevel": "",
  "appABIs": [],
  "appKey": "",
  "appSecret": "",
  "buildPath": "E:\\OneDriveData\\OneDrive\\wxgames\\MINI2048\\wxbuild",
  "debug": false,
  "dest": "E:\\OneDriveData\\OneDrive\\wxgames\\MINI2048\\wxbuild\\wechatgame",
  "encryptJs": true,
  "excludeScenes": [
    "8a4a4e56-43da-4343-9ed6-6bdb65c57551"
  ],
  "excludedModules": [],
  "fb-instant-games": {},
  "includeAnySDK": false,
  "includeEruda": false,
  "includeSDKBox": false,
  "inlineSpriteFrames": true,
  "inlineSpriteFrames_native": true,
  "jailbreakPlatform": false,
  "md5Cache": true,
  "mergeStartScene": true,
  "oauthLoginServer": "",
  "optimizeHotUpdate": false,
  "orientation": {
    "landscapeLeft": true,
    "landscapeRight": true,
    "portrait": false,
    "upsideDown": false
  },
  "packageName": "org.cocos2d.helloworld",
  "platform": "wechatgame",
  "previewHeight": "720",
  "previewWidth": "1280",
  "privateKey": "",
  "qqplay": {
    "REMOTE_SERVER_ROOT": "",
    "orientation": "portrait"
  },
  "renderMode": "0",
  "scenes": [
    "2d2f792f-a40c-49bb-a189-ed176a246e49"
  ],
  "sourceMaps": false,
  "startScene": "2d2f792f-a40c-49bb-a189-ed176a246e49",
  "template": "link",
  "title": "MINI2048",
  "useDebugKeystore": true,
  "vsVersion": "auto",
  "webOrientation": "portrait",
  "wechatgame": {
    "REMOTE_SERVER_ROOT": "",
    "appid": "wx56aed21454925bd1",
    "isSubdomain": false,
    "orientation": "portrait",
    "subContext": "wx-open-data-project"
  },
  "xxteaKey": "1576510d-d964-41",
  "zipCompressJs": true,
  "project": "E:\\OneDriveData\\OneDrive\\wxgames\\MINI2048",
  "projectName": "MINI2048",
  "debugBuildWorker": false
}
2018-12-01T14:35:51.931Z - normal: Building E:\OneDriveData\OneDrive\wxgames\MINI2048
2018-12-01T14:35:51.932Z - normal: Destination E:\OneDriveData\OneDrive\wxgames\MINI2048\wxbuild\wechatgame
2018-12-01T14:35:51.933Z - normal: Delete E:\OneDriveData\OneDrive\wxgames\MINI2048\wxbuild\wechatgame\**\*
2018-12-01T14:35:56.084Z - normal: Compiled project javascript file successfully
2018-12-01T14:35:56.084Z - normal: Start building assets
2018-12-01T14:35:56.085Z - normal: Start spawn build-worker
2018-12-01T14:35:57.143Z - normal: Finish spawn build-worker
2018-12-01T14:35:57.143Z - normal: Start init build-worker
2018-12-01T14:36:00.612Z - normal: 1.9.3
2018-12-01T14:36:00.750Z - normal: Finish init build-worker
2018-12-01T14:36:00.750Z - normal: Start build-assets in worker
2018-12-01T14:36:01.771Z - normal: Finish build-assets in worker
2018-12-01T14:36:01.784Z - normal: Finish building assets
2018-12-01T14:36:01.820Z - normal: Start building raw assets
2018-12-01T14:36:01.820Z - normal: Start building plugin scripts
2018-12-01T14:36:01.935Z - normal: Finish building plugin scripts
2018-12-01T14:36:01.967Z - normal: Finish building raw assets
2018-12-01T14:36:01.972Z - normal: Generating main.js from D:\CocosCreator193\resources\static\build-templates\shares\main.js
2018-12-01T14:36:03.952Z - normal: Built to "E:\OneDriveData\OneDrive\wxgames\MINI2048\wxbuild\wechatgame" successfully
2018-12-01T14:36:32.081Z - normal: Start building with options : {
  "androidStudio": true,
  "apiLevel": "",
  "appABIs": [],
  "appKey": "",
  "appSecret": "",
  "buildPath": "E:\\OneDriveData\\OneDrive\\wxgames\\MINI2048\\wxbuild",
  "debug": false,
  "dest": "E:\\OneDriveData\\OneDrive\\wxgames\\MINI2048\\wxbuild\\wechatgame",
  "encryptJs": true,
  "excludeScenes": [
    "8a4a4e56-43da-4343-9ed6-6bdb65c57551"
  ],
  "excludedModules": [],
  "fb-instant-games": {},
  "includeAnySDK": false,
  "includeEruda": false,
  "includeSDKBox": false,
  "inlineSpriteFrames": true,
  "inlineSpriteFrames_native": true,
  "jailbreakPlatform": false,
  "md5Cache": true,
  "mergeStartScene": true,
  "oauthLoginServer": "",
  "optimizeHotUpdate": false,
  "orientation": {
    "landscapeLeft": true,
    "landscapeRight": true,
    "portrait": false,
    "upsideDown": false
  },
  "packageName": "org.cocos2d.helloworld",
  "platform": "wechatgame",
  "previewHeight": "720",
  "previewWidth": "1280",
  "privateKey": "",
  "qqplay": {
    "REMOTE_SERVER_ROOT": "",
    "orientation": "portrait"
  },
  "renderMode": "0",
  "scenes": [
    "2d2f792f-a40c-49bb-a189-ed176a246e49"
  ],
  "sourceMaps": false,
  "startScene": "2d2f792f-a40c-49bb-a189-ed176a246e49",
  "template": "link",
  "title": "MINI2048",
  "useDebugKeystore": true,
  "vsVersion": "auto",
  "webOrientation": "portrait",
  "wechatgame": {
    "REMOTE_SERVER_ROOT": "",
    "appid": "wx56aed21454925bd1",
    "isSubdomain": false,
    "orientation": "portrait",
    "subContext": "wx-open-data-project"
  },
  "xxteaKey": "1576510d-d964-41",
  "zipCompressJs": true,
  "project": "E:\\OneDriveData\\OneDrive\\wxgames\\MINI2048",
  "projectName": "MINI2048",
  "debugBuildWorker": false
}
2018-12-01T14:36:32.092Z - normal: Building E:\OneDriveData\OneDrive\wxgames\MINI2048
2018-12-01T14:36:32.092Z - normal: Destination E:\OneDriveData\OneDrive\wxgames\MINI2048\wxbuild\wechatgame
2018-12-01T14:36:32.094Z - normal: Delete E:\OneDriveData\OneDrive\wxgames\MINI2048\wxbuild\wechatgame\**\*
2018-12-01T14:36:36.192Z - normal: Compiled project javascript file successfully
2018-12-01T14:36:36.192Z - normal: Start building assets
2018-12-01T14:36:36.192Z - normal: Start spawn build-worker
2018-12-01T14:36:37.274Z - normal: Finish spawn build-worker
2018-12-01T14:36:37.274Z - normal: Start init build-worker
2018-12-01T14:36:40.611Z - normal: 1.9.3
2018-12-01T14:36:40.747Z - normal: Finish init build-worker
2018-12-01T14:36:40.747Z - normal: Start build-assets in worker
2018-12-01T14:36:41.605Z - normal: Finish build-assets in worker
2018-12-01T14:36:41.617Z - normal: Finish building assets
2018-12-01T14:36:41.651Z - normal: Start building raw assets
2018-12-01T14:36:41.652Z - normal: Start building plugin scripts
2018-12-01T14:36:41.715Z - normal: Finish building plugin scripts
2018-12-01T14:36:41.744Z - normal: Finish building raw assets
2018-12-01T14:36:41.747Z - normal: Generating main.js from D:\CocosCreator193\resources\static\build-templates\shares\main.js
2018-12-01T14:36:43.827Z - normal: Built to "E:\OneDriveData\OneDrive\wxgames\MINI2048\wxbuild\wechatgame" successfully
2018-12-01T14:37:25.704Z - warn: 找不到微信开发程序版本信息路径 [D:\Program Files\Tencent\微信web开发者工具\package.nw\package.json]。
2018-12-01T14:37:25.704Z - warn: 微信开发程序版本过低，不能享用所有功能，请尽快升级。
2018-12-01T14:37:26.624Z - normal: Initializing...

2018-12-01T14:37:26.631Z - normal: idePortFile: C:\Users\Administrator\AppData\Local\微信web开发者工具\User Data\Default\.ide

2018-12-01T14:37:27.654Z - normal: starting ide...

2018-12-01T14:37:31.611Z - normal: IDE server has started, listening on http://127.0.0.1:45466

2018-12-01T14:37:31.616Z - normal: initialization finished

2018-12-01T14:37:31.987Z - normal: open IDE success

2018-12-02T01:48:25.249Z - info: shutdown preview server
